[2018-03-01 11:57:35] local.ERROR: RuntimeException: The only supported ciphers are AES-128-CBC and AES-256-CBC with the correct key lengths. in /var/www/html/laravel5.4/vendor/laravel/framework/src/Illuminate/Encryption/Encrypter.php:43
Stack trace:
#0 /var/www/html/laravel5.4/vendor/laravel/framework/src/Illuminate/Encryption/EncryptionServiceProvider.php(27): Illuminate\Encryption\Encrypter->__construct('', 'AES-256-CBC')
#1 /var/www/html/laravel5.4/vendor/laravel/framework/src/Illuminate/Container/Container.php(726): Illuminate\Encryption\EncryptionServiceProvider->Illuminate\Encryption\{closure}(Object(Illuminate\Foundation\Application), Array)
#2 /var/www/html/laravel5.4/vendor/laravel/framework/src/Illuminate/Container/Container.php(608): Illuminate\Container\Container->build(Object(Closure))
#3 /var/www/html/laravel5.4/vendor/laravel/framework/src/Illuminate/Container/Container.php(575): Illuminate\Container\Container->resolve('encrypter')
#4 /var/www/html/laravel5.4/vendor/laravel/framework/src/Illuminate/Foundation/Application.php(728): Illuminate\Container\Container->make('encrypter')
#5 /var/www/html/laravel5.4/vendor/laravel/framework/src/Illuminate/Container/Container.php(862): Illuminate\Foundation\Application->make('encrypter')
#6 /var/www/html/laravel5.4/vendor/laravel/framework/src/Illuminate/Container/Container.php(790): Illuminate\Container\Container->resolveClass(Object(ReflectionParameter))
#7 /var/www/html/laravel5.4/vendor/laravel/framework/src/Illuminate/Container/Container.php(757): Illuminate\Container\Container->resolveDependencies(Array)
#8 /var/www/html/laravel5.4/vendor/laravel/framework/src/Illuminate/Container/Container.php(608): Illuminate\Container\Container->build('App\\Http\\Middle...')
#9 /var/www/html/laravel5.4/vendor/laravel/framework/src/Illuminate/Container/Container.php(575): Illuminate\Container\Container->resolve('App\\Http\\Middle...')
#10 /var/www/html/laravel5.4/vendor/laravel/framework/src/Illuminate/Foundation/Application.php(728): Illuminate\Container\Container->make('App\\Http\\Middle...')
#11 /var/www/html/laravel5.4/vendor/laravel/framework/src/Illuminate/Pipeline/Pipeline.php(138): Illuminate\Foundation\Application->make('App\\Http\\Middle...')
#12 /var/www/html/laravel5.4/vendor/laravel/framework/src/Illuminate/Routing/Pipeline.php(53): Illuminate\Pipeline\Pipeline->Illuminate\Pipeline\{closure}(Object(Illuminate\Http\Request))
#13 /var/www/html/laravel5.4/vendor/laravel/framework/src/Illuminate/Pipeline/Pipeline.php(102): Illuminate\Routing\Pipeline->Illuminate\Routing\{closure}(Object(Illuminate\Http\Request))
#14 /var/www/html/laravel5.4/vendor/laravel/framework/src/Illuminate/Routing/Router.php(574): Illuminate\Pipeline\Pipeline->then(Object(Closure))
#15 /var/www/html/laravel5.4/vendor/laravel/framework/src/Illuminate/Routing/Router.php(533): Illuminate\Routing\Router->runRouteWithinStack(Object(Illuminate\Routing\Route), Object(Illuminate\Http\Request))
#16 /var/www/html/laravel5.4/vendor/laravel/framework/src/Illuminate/Routing/Router.php(511): Illuminate\Routing\Router->dispatchToRoute(Object(Illuminate\Http\Request))
#17 /var/www/html/laravel5.4/vendor/laravel/framework/src/Illuminate/Foundation/Http/Kernel.php(176): Illuminate\Routing\Router->dispatch(Object(Illuminate\Http\Request))
#18 /var/www/html/laravel5.4/vendor/laravel/framework/src/Illuminate/Routing/Pipeline.php(30): Illuminate\Foundation\Http\Kernel->Illuminate\Foundation\Http\{closure}(Object(Illuminate\Http\Request))
#19 /var/www/html/laravel5.4/vendor/laravel/framework/src/Illuminate/Foundation/Http/Middleware/TransformsRequest.php(30): Illuminate\Routing\Pipeline->Illuminate\Routing\{closure}(Object(Illuminate\Http\Request))
#20 /var/www/html/laravel5.4/vendor/laravel/framework/src/Illuminate/Pipeline/Pipeline.php(148): Illuminate\Foundation\Http\Middleware\TransformsRequest->handle(Object(Illuminate\Http\Request), Object(Closure))
#21 /var/www/html/laravel5.4/vendor/laravel/framework/src/Illuminate/Routing/Pipeline.php(53): Illuminate\Pipeline\Pipeline->Illuminate\Pipeline\{closure}(Object(Illuminate\Http\Request))
#22 /var/www/html/laravel5.4/vendor/laravel/framework/src/Illuminate/Foundation/Http/Middleware/TransformsRequest.php(30): Illuminate\Routing\Pipeline->Illuminate\Routing\{closure}(Object(Illuminate\Http\Request))
#23 /var/www/html/laravel5.4/vendor/laravel/framework/src/Illuminate/Pipeline/Pipeline.php(148): Illuminate\Foundation\Http\Middleware\TransformsRequest->handle(Object(Illuminate\Http\Request), Object(Closure))
#24 /var/www/html/laravel5.4/vendor/laravel/framework/src/Illuminate/Routing/Pipeline.php(53): Illuminate\Pipeline\Pipeline->Illuminate\Pipeline\{closure}(Object(Illuminate\Http\Request))
#25 /var/www/html/laravel5.4/vendor/laravel/framework/src/Illuminate/Foundation/Http/Middleware/ValidatePostSize.php(27): Illuminate\Routing\Pipeline->Illuminate\Routing\{closure}(Object(Illuminate\Http\Request))
#26 /var/www/html/laravel5.4/vendor/laravel/framework/src/Illuminate/Pipeline/Pipeline.php(148): Illuminate\Foundation\Http\Middleware\ValidatePostSize->handle(Object(Illuminate\Http\Request), Object(Closure))
#27 /var/www/html/laravel5.4/vendor/laravel/framework/src/Illuminate/Routing/Pipeline.php(53): Illuminate\Pipeline\Pipeline->Illuminate\Pipeline\{closure}(Object(Illuminate\Http\Request))
#28 /var/www/html/laravel5.4/vendor/laravel/framework/src/Illuminate/Foundation/Http/Middleware/CheckForMaintenanceMode.php(46): Illuminate\Routing\Pipeline->Illuminate\Routing\{closure}(Object(Illuminate\Http\Request))
#29 /var/www/html/laravel5.4/vendor/laravel/framework/src/Illuminate/Pipeline/Pipeline.php(148): Illuminate\Foundation\Http\Middleware\CheckForMaintenanceMode->handle(Object(Illuminate\Http\Request), Object(Closure))
#30 /var/www/html/laravel5.4/vendor/laravel/framework/src/Illuminate/Routing/Pipeline.php(53): Illuminate\Pipeline\Pipeline->Illuminate\Pipeline\{closure}(Object(Illuminate\Http\Request))
#31 /var/www/html/laravel5.4/vendor/laravel/framework/src/Illuminate/Pipeline/Pipeline.php(102): Illuminate\Routing\Pipeline->Illuminate\Routing\{closure}(Object(Illuminate\Http\Request))
#32 /var/www/html/laravel5.4/vendor/laravel/framework/src/Illuminate/Foundation/Http/Kernel.php(151): Illuminate\Pipeline\Pipeline->then(Object(Closure))
#33 /var/www/html/laravel5.4/vendor/laravel/framework/src/Illuminate/Foundation/Http/Kernel.php(116): Illuminate\Foundation\Http\Kernel->sendRequestThroughRouter(Object(Illuminate\Http\Request))
#34 /var/www/html/laravel5.4/public/index.php(53): Illuminate\Foundation\Http\Kernel->handle(Object(Illuminate\Http\Request))
#35 {main}  
[2018-03-01 11:57:35] local.ERROR: RuntimeException: The only supported ciphers are AES-128-CBC and AES-256-CBC with the correct key lengths. in /var/www/html/laravel5.4/vendor/laravel/framework/src/Illuminate/Encryption/Encrypter.php:43
Stack trace:
#0 /var/www/html/laravel5.4/vendor/laravel/framework/src/Illuminate/Encryption/EncryptionServiceProvider.php(27): Illuminate\Encryption\Encrypter->__construct('', 'AES-256-CBC')
#1 /var/www/html/laravel5.4/vendor/laravel/framework/src/Illuminate/Container/Container.php(726): Illuminate\Encryption\EncryptionServiceProvider->Illuminate\Encryption\{closure}(Object(Illuminate\Foundation\Application), Array)
#2 /var/www/html/laravel5.4/vendor/laravel/framework/src/Illuminate/Container/Container.php(608): Illuminate\Container\Container->build(Object(Closure))
#3 /var/www/html/laravel5.4/vendor/laravel/framework/src/Illuminate/Container/Container.php(575): Illuminate\Container\Container->resolve('encrypter')
#4 /var/www/html/laravel5.4/vendor/laravel/framework/src/Illuminate/Foundation/Application.php(728): Illuminate\Container\Container->make('encrypter')
#5 /var/www/html/laravel5.4/vendor/laravel/framework/src/Illuminate/Container/Container.php(862): Illuminate\Foundation\Application->make('encrypter')
#6 /var/www/html/laravel5.4/vendor/laravel/framework/src/Illuminate/Container/Container.php(790): Illuminate\Container\Container->resolveClass(Object(ReflectionParameter))
#7 /var/www/html/laravel5.4/vendor/laravel/framework/src/Illuminate/Container/Container.php(757): Illuminate\Container\Container->resolveDependencies(Array)
#8 /var/www/html/laravel5.4/vendor/laravel/framework/src/Illuminate/Container/Container.php(608): Illuminate\Container\Container->build('App\\Http\\Middle...')
#9 /var/www/html/laravel5.4/vendor/laravel/framework/src/Illuminate/Container/Container.php(575): Illuminate\Container\Container->resolve('App\\Http\\Middle...')
#10 /var/www/html/laravel5.4/vendor/laravel/framework/src/Illuminate/Foundation/Application.php(728): Illuminate\Container\Container->make('App\\Http\\Middle...')
#11 /var/www/html/laravel5.4/vendor/laravel/framework/src/Illuminate/Foundation/Http/Kernel.php(215): Illuminate\Foundation\Application->make('App\\Http\\Middle...')
#12 /var/www/html/laravel5.4/vendor/laravel/framework/src/Illuminate/Foundation/Http/Kernel.php(189): Illuminate\Foundation\Http\Kernel->terminateMiddleware(Object(Illuminate\Http\Request), Object(Illuminate\Http\Response))
#13 /var/www/html/laravel5.4/public/index.php(58): Illuminate\Foundation\Http\Kernel->terminate(Object(Illuminate\Http\Request), Object(Illuminate\Http\Response))
#14 {main}  
[2018-03-01 12:06:24] local.ERROR: PDOException: SQLSTATE[42S02]: Base table or view not found: 1146 Table 'laravel5.4.users' doesn't exist in /var/www/html/laravel5.4/vendor/laravel/framework/src/Illuminate/Database/Connection.php:319
Stack trace:
#0 /var/www/html/laravel5.4/vendor/laravel/framework/src/Illuminate/Database/Connection.php(319): PDO->prepare('select count(*)...')
#1 /var/www/html/laravel5.4/vendor/laravel/framework/src/Illuminate/Database/Connection.php(640): Illuminate\Database\Connection->Illuminate\Database\{closure}('select count(*)...', Array)
#2 /var/www/html/laravel5.4/vendor/laravel/framework/src/Illuminate/Database/Connection.php(607): Illuminate\Database\Connection->runQueryCallback('select count(*)...', Array, Object(Closure))
#3 /var/www/html/laravel5.4/vendor/laravel/framework/src/Illuminate/Database/Connection.php(326): Illuminate\Database\Connection->run('select count(*)...', Array, Object(Closure))
#4 /var/www/html/laravel5.4/vendor/laravel/framework/src/Illuminate/Database/Query/Builder.php(1705): Illuminate\Database\Connection->select('select count(*)...', Array, false)
#5 /var/www/html/laravel5.4/vendor/laravel/framework/src/Illuminate/Database/Query/Builder.php(1690): Illuminate\Database\Query\Builder->runSelect()
#6 /var/www/html/laravel5.4/vendor/laravel/framework/src/Illuminate/Database/Query/Builder.php(2025): Illuminate\Database\Query\Builder->get(Array)
#7 /var/www/html/laravel5.4/vendor/laravel/framework/src/Illuminate/Database/Query/Builder.php(1953): Illuminate\Database\Query\Builder->aggregate('count', Array)
#8 /var/www/html/laravel5.4/vendor/laravel/framework/src/Illuminate/Validation/DatabasePresenceVerifier.php(55): Illuminate\Database\Query\Builder->count()
#9 /var/www/html/laravel5.4/vendor/laravel/framework/src/Illuminate/Validation/Concerns/ValidatesAttributes.php(623): Illuminate\Validation\DatabasePresenceVerifier->getCount('users', 'email', 'balraman.mca140...', NULL, NULL, Array)
#10 /var/www/html/laravel5.4/vendor/laravel/framework/src/Illuminate/Validation/Validator.php(352): Illuminate\Validation\Validator->validateUnique('email', 'balraman.mca140...', Array, Object(Illuminate\Validation\Validator))
#11 /var/www/html/laravel5.4/vendor/laravel/framework/src/Illuminate/Validation/Validator.php(267): Illuminate\Validation\Validator->validateAttribute('email', 'Unique')
#12 /var/www/html/laravel5.4/vendor/laravel/framework/src/Illuminate/Validation/Validator.php(292): Illuminate\Validation\Validator->passes()
#13 /var/www/html/laravel5.4/vendor/laravel/framework/src/Illuminate/Validation/Validator.php(304): Illuminate\Validation\Validator->fails()
#14 /var/www/html/laravel5.4/vendor/laravel/framework/src/Illuminate/Foundation/Auth/RegistersUsers.php(31): Illuminate\Validation\Validator->validate()
#15 [internal function]: App\Http\Controllers\Auth\RegisterController->register(Object(Illuminate\Http\Request))
#16 /var/www/html/laravel5.4/vendor/laravel/framework/src/Illuminate/Routing/Controller.php(55): call_user_func_array(Array, Array)
#17 /var/www/html/laravel5.4/vendor/laravel/framework/src/Illuminate/Routing/ControllerDispatcher.php(44): Illuminate\Routing\Controller->callAction('register', Array)
#18 /var/www/html/laravel5.4/vendor/laravel/framework/src/Illuminate/Routing/Route.php(203): Illuminate\Routing\ControllerDispatcher->dispatch(Object(Illuminate\Routing\Route), Object(App\Http\Controllers\Auth\RegisterController), 'register')
#19 /var/www/html/laravel5.4/vendor/laravel/framework/src/Illuminate/Routing/Route.php(160): Illuminate\Routing\Route->runController()
#20 /var/www/html/laravel5.4/vendor/laravel/framework/src/Illuminate/Routing/Router.php(572): Illuminate\Routing\Route->run()
#21 /var/www/html/laravel5.4/vendor/laravel/framework/src/Illuminate/Routing/Pipeline.php(30): Illuminate\Routing\Router->Illuminate\Routing\{closure}(Object(Illuminate\Http\Request))
#22 /var/www/html/laravel5.4/app/Http/Middleware/RedirectIfAuthenticated.php(24): Illuminate\Routing\Pipeline->Illuminate\Routing\{closure}(Object(Illuminate\Http\Request))
#23 /var/www/html/laravel5.4/vendor/laravel/framework/src/Illuminate/Pipeline/Pipeline.php(148): App\Http\Middleware\RedirectIfAuthenticated->handle(Object(Illuminate\Http\Request), Object(Closure))
#24 /var/www/html/laravel5.4/vendor/laravel/framework/src/Illuminate/Routing/Pipeline.php(53): Illuminate\Pipeline\Pipeline->Illuminate\Pipeline\{closure}(Object(Illuminate\Http\Request))
#25 /var/www/html/laravel5.4/vendor/laravel/framework/src/Illuminate/Routing/Middleware/SubstituteBindings.php(41): Illuminate\Routing\Pipeline->Illuminate\Routing\{closure}(Object(Illuminate\Http\Request))
#26 /var/www/html/laravel5.4/vendor/laravel/framework/src/Illuminate/Pipeline/Pipeline.php(148): Illuminate\Routing\Middleware\SubstituteBindings->handle(Object(Illuminate\Http\Request), Object(Closure))
#27 /var/www/html/laravel5.4/vendor/laravel/framework/src/Illuminate/Routing/Pipeline.php(53): Illuminate\Pipeline\Pipeline->Illuminate\Pipeline\{closure}(Object(Illuminate\Http\Request))
#28 /var/www/html/laravel5.4/vendor/laravel/framework/src/Illuminate/Foundation/Http/Middleware/VerifyCsrfToken.php(65): Illuminate\Routing\Pipeline->Illuminate\Routing\{closure}(Object(Illuminate\Http\Request))
#29 /var/www/html/laravel5.4/vendor/laravel/framework/src/Illuminate/Pipeline/Pipeline.php(148): Illuminate\Foundation\Http\Middleware\VerifyCsrfToken->handle(Object(Illuminate\Http\Request), Object(Closure))
#30 /var/www/html/laravel5.4/vendor/laravel/framework/src/Illuminate/Routing/Pipeline.php(53): Illuminate\Pipeline\Pipeline->Illuminate\Pipeline\{closure}(Object(Illuminate\Http\Request))
#31 /var/www/html/laravel5.4/vendor/laravel/framework/src/Illuminate/View/Middleware/ShareErrorsFromSession.php(49): Illuminate\Routing\Pipeline->Illuminate\Routing\{closure}(Object(Illuminate\Http\Request))
#32 /var/www/html/laravel5.4/vendor/laravel/framework/src/Illuminate/Pipeline/Pipeline.php(148): Illuminate\View\Middleware\ShareErrorsFromSession->handle(Object(Illuminate\Http\Request), Object(Closure))
#33 /var/www/html/laravel5.4/vendor/laravel/framework/src/Illuminate/Routing/Pipeline.php(53): Illuminate\Pipeline\Pipeline->Illuminate\Pipeline\{closure}(Object(Illuminate\Http\Request))
#34 /var/www/html/laravel5.4/vendor/laravel/framework/src/Illuminate/Session/Middleware/StartSession.php(64): Illuminate\Routing\Pipeline->Illuminate\Routing\{closure}(Object(Illuminate\Http\Request))
#35 /var/www/html/laravel5.4/vendor/laravel/framework/src/Illuminate/Pipeline/Pipeline.php(148): Illuminate\Session\Middleware\StartSession->handle(Object(Illuminate\Http\Request), Object(Closure))
#36 /var/www/html/laravel5.4/vendor/laravel/framework/src/Illuminate/Routing/Pipeline.php(53): Illuminate\Pipeline\Pipeline->Illuminate\Pipeline\{closure}(Object(Illuminate\Http\Request))
#37 /var/www/html/laravel5.4/vendor/laravel/framework/src/Illuminate/Cookie/Middleware/AddQueuedCookiesToResponse.php(37): Illuminate\Routing\Pipeline->Illuminate\Routing\{closure}(Object(Illuminate\Http\Request))
#38 /var/www/html/laravel5.4/vendor/laravel/framework/src/Illuminate/Pipeline/Pipeline.php(148): Illuminate\Cookie\Middleware\AddQueuedCookiesToResponse->handle(Object(Illuminate\Http\Request), Object(Closure))
#39 /var/www/html/laravel5.4/vendor/laravel/framework/src/Illuminate/Routing/Pipeline.php(53): Illuminate\Pipeline\Pipeline->Illuminate\Pipeline\{closure}(Object(Illuminate\Http\Request))
#40 /var/www/html/laravel5.4/vendor/laravel/framework/src/Illuminate/Cookie/Middleware/EncryptCookies.php(59): Illuminate\Routing\Pipeline->Illuminate\Routing\{closure}(Object(Illuminate\Http\Request))
#41 /var/www/html/laravel5.4/vendor/laravel/framework/src/Illuminate/Pipeline/Pipeline.php(148): Illuminate\Cookie\Middleware\EncryptCookies->handle(Object(Illuminate\Http\Request), Object(Closure))
#42 /var/www/html/laravel5.4/vendor/laravel/framework/src/Illuminate/Routing/Pipeline.php(53): Illuminate\Pipeline\Pipeline->Illuminate\Pipeline\{closure}(Object(Illuminate\Http\Request))
#43 /var/www/html/laravel5.4/vendor/laravel/framework/src/Illuminate/Pipeline/Pipeline.php(102): Illuminate\Routing\Pipeline->Illuminate\Routing\{closure}(Object(Illuminate\Http\Request))
#44 /var/www/html/laravel5.4/vendor/laravel/framework/src/Illuminate/Routing/Router.php(574): Illuminate\Pipeline\Pipeline->then(Object(Closure))
#45 /var/www/html/laravel5.4/vendor/laravel/framework/src/Illuminate/Routing/Router.php(533): Illuminate\Routing\Router->runRouteWithinStack(Object(Illuminate\Routing\Route), Object(Illuminate\Http\Request))
#46 /var/www/html/laravel5.4/vendor/laravel/framework/src/Illuminate/Routing/Router.php(511): Illuminate\Routing\Router->dispatchToRoute(Object(Illuminate\Http\Request))
#47 /var/www/html/laravel5.4/vendor/laravel/framework/src/Illuminate/Foundation/Http/Kernel.php(176): Illuminate\Routing\Router->dispatch(Object(Illuminate\Http\Request))
#48 /var/www/html/laravel5.4/vendor/laravel/framework/src/Illuminate/Routing/Pipeline.php(30): Illuminate\Foundation\Http\Kernel->Illuminate\Foundation\Http\{closure}(Object(Illuminate\Http\Request))
#49 /var/www/html/laravel5.4/vendor/laravel/framework/src/Illuminate/Foundation/Http/Middleware/TransformsRequest.php(30): Illuminate\Routing\Pipeline->Illuminate\Routing\{closure}(Object(Illuminate\Http\Request))
#50 /var/www/html/laravel5.4/vendor/laravel/framework/src/Illuminate/Pipeline/Pipeline.php(148): Illuminate\Foundation\Http\Middleware\TransformsRequest->handle(Object(Illuminate\Http\Request), Object(Closure))
#51 /var/www/html/laravel5.4/vendor/laravel/framework/src/Illuminate/Routing/Pipeline.php(53): Illuminate\Pipeline\Pipeline->Illuminate\Pipeline\{closure}(Object(Illuminate\Http\Request))
#52 /var/www/html/laravel5.4/vendor/laravel/framework/src/Illuminate/Foundation/Http/Middleware/TransformsRequest.php(30): Illuminate\Routing\Pipeline->Illuminate\Routing\{closure}(Object(Illuminate\Http\Request))
#53 /var/www/html/laravel5.4/vendor/laravel/framework/src/Illuminate/Pipeline/Pipeline.php(148): Illuminate\Foundation\Http\Middleware\TransformsRequest->handle(Object(Illuminate\Http\Request), Object(Closure))
#54 /var/www/html/laravel5.4/vendor/laravel/framework/src/Illuminate/Routing/Pipeline.php(53): Illuminate\Pipeline\Pipeline->Illuminate\Pipeline\{closure}(Object(Illuminate\Http\Request))
#55 /var/www/html/laravel5.4/vendor/laravel/framework/src/Illuminate/Foundation/Http/Middleware/ValidatePostSize.php(27): Illuminate\Routing\Pipeline->Illuminate\Routing\{closure}(Object(Illuminate\Http\Request))
#56 /var/www/html/laravel5.4/vendor/laravel/framework/src/Illuminate/Pipeline/Pipeline.php(148): Illuminate\Foundation\Http\Middleware\ValidatePostSize->handle(Object(Illuminate\Http\Request), Object(Closure))
#57 /var/www/html/laravel5.4/vendor/laravel/framework/src/Illuminate/Routing/Pipeline.php(53): Illuminate\Pipeline\Pipeline->Illuminate\Pipeline\{closure}(Object(Illuminate\Http\Request))
#58 /var/www/html/laravel5.4/vendor/laravel/framework/src/Illuminate/Foundation/Http/Middleware/CheckForMaintenanceMode.php(46): Illuminate\Routing\Pipeline->Illuminate\Routing\{closure}(Object(Illuminate\Http\Request))
#59 /var/www/html/laravel5.4/vendor/laravel/framework/src/Illuminate/Pipeline/Pipeline.php(148): Illuminate\Foundation\Http\Middleware\CheckForMaintenanceMode->handle(Object(Illuminate\Http\Request), Object(Closure))
#60 /var/www/html/laravel5.4/vendor/laravel/framework/src/Illuminate/Routing/Pipeline.php(53): Illuminate\Pipeline\Pipeline->Illuminate\Pipeline\{closure}(Object(Illuminate\Http\Request))
#61 /var/www/html/laravel5.4/vendor/laravel/framework/src/Illuminate/Pipeline/Pipeline.php(102): Illuminate\Routing\Pipeline->Illuminate\Routing\{closure}(Object(Illuminate\Http\Request))
#62 /var/www/html/laravel5.4/vendor/laravel/framework/src/Illuminate/Foundation/Http/Kernel.php(151): Illuminate\Pipeline\Pipeline->then(Object(Closure))
#63 /var/www/html/laravel5.4/vendor/laravel/framework/src/Illuminate/Foundation/Http/Kernel.php(116): Illuminate\Foundation\Http\Kernel->sendRequestThroughRouter(Object(Illuminate\Http\Request))
#64 /var/www/html/laravel5.4/public/index.php(53): Illuminate\Foundation\Http\Kernel->handle(Object(Illuminate\Http\Request))
#65 {main}

Next Illuminate\Database\QueryException: SQLSTATE[42S02]: Base table or view not found: 1146 Table 'laravel5.4.users' doesn't exist (SQL: select count(*) as aggregate from `users` where `email` = balraman.mca140@gmail.com) in /var/www/html/laravel5.4/vendor/laravel/framework/src/Illuminate/Database/Connection.php:647
Stack trace:
#0 /var/www/html/laravel5.4/vendor/laravel/framework/src/Illuminate/Database/Connection.php(607): Illuminate\Database\Connection->runQueryCallback('select count(*)...', Array, Object(Closure))
#1 /var/www/html/laravel5.4/vendor/laravel/framework/src/Illuminate/Database/Connection.php(326): Illuminate\Database\Connection->run('select count(*)...', Array, Object(Closure))
#2 /var/www/html/laravel5.4/vendor/laravel/framework/src/Illuminate/Database/Query/Builder.php(1705): Illuminate\Database\Connection->select('select count(*)...', Array, false)
#3 /var/www/html/laravel5.4/vendor/laravel/framework/src/Illuminate/Database/Query/Builder.php(1690): Illuminate\Database\Query\Builder->runSelect()
#4 /var/www/html/laravel5.4/vendor/laravel/framework/src/Illuminate/Database/Query/Builder.php(2025): Illuminate\Database\Query\Builder->get(Array)
#5 /var/www/html/laravel5.4/vendor/laravel/framework/src/Illuminate/Database/Query/Builder.php(1953): Illuminate\Database\Query\Builder->aggregate('count', Array)
#6 /var/www/html/laravel5.4/vendor/laravel/framework/src/Illuminate/Validation/DatabasePresenceVerifier.php(55): Illuminate\Database\Query\Builder->count()
#7 /var/www/html/laravel5.4/vendor/laravel/framework/src/Illuminate/Validation/Concerns/ValidatesAttributes.php(623): Illuminate\Validation\DatabasePresenceVerifier->getCount('users', 'email', 'balraman.mca140...', NULL, NULL, Array)
#8 /var/www/html/laravel5.4/vendor/laravel/framework/src/Illuminate/Validation/Validator.php(352): Illuminate\Validation\Validator->validateUnique('email', 'balraman.mca140...', Array, Object(Illuminate\Validation\Validator))
#9 /var/www/html/laravel5.4/vendor/laravel/framework/src/Illuminate/Validation/Validator.php(267): Illuminate\Validation\Validator->validateAttribute('email', 'Unique')
#10 /var/www/html/laravel5.4/vendor/laravel/framework/src/Illuminate/Validation/Validator.php(292): Illuminate\Validation\Validator->passes()
#11 /var/www/html/laravel5.4/vendor/laravel/framework/src/Illuminate/Validation/Validator.php(304): Illuminate\Validation\Validator->fails()
#12 /var/www/html/laravel5.4/vendor/laravel/framework/src/Illuminate/Foundation/Auth/RegistersUsers.php(31): Illuminate\Validation\Validator->validate()
#13 [internal function]: App\Http\Controllers\Auth\RegisterController->register(Object(Illuminate\Http\Request))
#14 /var/www/html/laravel5.4/vendor/laravel/framework/src/Illuminate/Routing/Controller.php(55): call_user_func_array(Array, Array)
#15 /var/www/html/laravel5.4/vendor/laravel/framework/src/Illuminate/Routing/ControllerDispatcher.php(44): Illuminate\Routing\Controller->callAction('register', Array)
#16 /var/www/html/laravel5.4/vendor/laravel/framework/src/Illuminate/Routing/Route.php(203): Illuminate\Routing\ControllerDispatcher->dispatch(Object(Illuminate\Routing\Route), Object(App\Http\Controllers\Auth\RegisterController), 'register')
#17 /var/www/html/laravel5.4/vendor/laravel/framework/src/Illuminate/Routing/Route.php(160): Illuminate\Routing\Route->runController()
#18 /var/www/html/laravel5.4/vendor/laravel/framework/src/Illuminate/Routing/Router.php(572): Illuminate\Routing\Route->run()
#19 /var/www/html/laravel5.4/vendor/laravel/framework/src/Illuminate/Routing/Pipeline.php(30): Illuminate\Routing\Router->Illuminate\Routing\{closure}(Object(Illuminate\Http\Request))
#20 /var/www/html/laravel5.4/app/Http/Middleware/RedirectIfAuthenticated.php(24): Illuminate\Routing\Pipeline->Illuminate\Routing\{closure}(Object(Illuminate\Http\Request))
#21 /var/www/html/laravel5.4/vendor/laravel/framework/src/Illuminate/Pipeline/Pipeline.php(148): App\Http\Middleware\RedirectIfAuthenticated->handle(Object(Illuminate\Http\Request), Object(Closure))
#22 /var/www/html/laravel5.4/vendor/laravel/framework/src/Illuminate/Routing/Pipeline.php(53): Illuminate\Pipeline\Pipeline->Illuminate\Pipeline\{closure}(Object(Illuminate\Http\Request))
#23 /var/www/html/laravel5.4/vendor/laravel/framework/src/Illuminate/Routing/Middleware/SubstituteBindings.php(41): Illuminate\Routing\Pipeline->Illuminate\Routing\{closure}(Object(Illuminate\Http\Request))
#24 /var/www/html/laravel5.4/vendor/laravel/framework/src/Illuminate/Pipeline/Pipeline.php(148): Illuminate\Routing\Middleware\SubstituteBindings->handle(Object(Illuminate\Http\Request), Object(Closure))
#25 /var/www/html/laravel5.4/vendor/laravel/framework/src/Illuminate/Routing/Pipeline.php(53): Illuminate\Pipeline\Pipeline->Illuminate\Pipeline\{closure}(Object(Illuminate\Http\Request))
#26 /var/www/html/laravel5.4/vendor/laravel/framework/src/Illuminate/Foundation/Http/Middleware/VerifyCsrfToken.php(65): Illuminate\Routing\Pipeline->Illuminate\Routing\{closure}(Object(Illuminate\Http\Request))
#27 /var/www/html/laravel5.4/vendor/laravel/framework/src/Illuminate/Pipeline/Pipeline.php(148): Illuminate\Foundation\Http\Middleware\VerifyCsrfToken->handle(Object(Illuminate\Http\Request), Object(Closure))
#28 /var/www/html/laravel5.4/vendor/laravel/framework/src/Illuminate/Routing/Pipeline.php(53): Illuminate\Pipeline\Pipeline->Illuminate\Pipeline\{closure}(Object(Illuminate\Http\Request))
#29 /var/www/html/laravel5.4/vendor/laravel/framework/src/Illuminate/View/Middleware/ShareErrorsFromSession.php(49): Illuminate\Routing\Pipeline->Illuminate\Routing\{closure}(Object(Illuminate\Http\Request))
#30 /var/www/html/laravel5.4/vendor/laravel/framework/src/Illuminate/Pipeline/Pipeline.php(148): Illuminate\View\Middleware\ShareErrorsFromSession->handle(Object(Illuminate\Http\Request), Object(Closure))
#31 /var/www/html/laravel5.4/vendor/laravel/framework/src/Illuminate/Routing/Pipeline.php(53): Illuminate\Pipeline\Pipeline->Illuminate\Pipeline\{closure}(Object(Illuminate\Http\Request))
#32 /var/www/html/laravel5.4/vendor/laravel/framework/src/Illuminate/Session/Middleware/StartSession.php(64): Illuminate\Routing\Pipeline->Illuminate\Routing\{closure}(Object(Illuminate\Http\Request))
#33 /var/www/html/laravel5.4/vendor/laravel/framework/src/Illuminate/Pipeline/Pipeline.php(148): Illuminate\Session\Middleware\StartSession->handle(Object(Illuminate\Http\Request), Object(Closure))
#34 /var/www/html/laravel5.4/vendor/laravel/framework/src/Illuminate/Routing/Pipeline.php(53): Illuminate\Pipeline\Pipeline->Illuminate\Pipeline\{closure}(Object(Illuminate\Http\Request))
#35 /var/www/html/laravel5.4/vendor/laravel/framework/src/Illuminate/Cookie/Middleware/AddQueuedCookiesToResponse.php(37): Illuminate\Routing\Pipeline->Illuminate\Routing\{closure}(Object(Illuminate\Http\Request))
#36 /var/www/html/laravel5.4/vendor/laravel/framework/src/Illuminate/Pipeline/Pipeline.php(148): Illuminate\Cookie\Middleware\AddQueuedCookiesToResponse->handle(Object(Illuminate\Http\Request), Object(Closure))
#37 /var/www/html/laravel5.4/vendor/laravel/framework/src/Illuminate/Routing/Pipeline.php(53): Illuminate\Pipeline\Pipeline->Illuminate\Pipeline\{closure}(Object(Illuminate\Http\Request))
#38 /var/www/html/laravel5.4/vendor/laravel/framework/src/Illuminate/Cookie/Middleware/EncryptCookies.php(59): Illuminate\Routing\Pipeline->Illuminate\Routing\{closure}(Object(Illuminate\Http\Request))
#39 /var/www/html/laravel5.4/vendor/laravel/framework/src/Illuminate/Pipeline/Pipeline.php(148): Illuminate\Cookie\Middleware\EncryptCookies->handle(Object(Illuminate\Http\Request), Object(Closure))
#40 /var/www/html/laravel5.4/vendor/laravel/framework/src/Illuminate/Routing/Pipeline.php(53): Illuminate\Pipeline\Pipeline->Illuminate\Pipeline\{closure}(Object(Illuminate\Http\Request))
#41 /var/www/html/laravel5.4/vendor/laravel/framework/src/Illuminate/Pipeline/Pipeline.php(102): Illuminate\Routing\Pipeline->Illuminate\Routing\{closure}(Object(Illuminate\Http\Request))
#42 /var/www/html/laravel5.4/vendor/laravel/framework/src/Illuminate/Routing/Router.php(574): Illuminate\Pipeline\Pipeline->then(Object(Closure))
#43 /var/www/html/laravel5.4/vendor/laravel/framework/src/Illuminate/Routing/Router.php(533): Illuminate\Routing\Router->runRouteWithinStack(Object(Illuminate\Routing\Route), Object(Illuminate\Http\Request))
#44 /var/www/html/laravel5.4/vendor/laravel/framework/src/Illuminate/Routing/Router.php(511): Illuminate\Routing\Router->dispatchToRoute(Object(Illuminate\Http\Request))
#45 /var/www/html/laravel5.4/vendor/laravel/framework/src/Illuminate/Foundation/Http/Kernel.php(176): Illuminate\Routing\Router->dispatch(Object(Illuminate\Http\Request))
#46 /var/www/html/laravel5.4/vendor/laravel/framework/src/Illuminate/Routing/Pipeline.php(30): Illuminate\Foundation\Http\Kernel->Illuminate\Foundation\Http\{closure}(Object(Illuminate\Http\Request))
#47 /var/www/html/laravel5.4/vendor/laravel/framework/src/Illuminate/Foundation/Http/Middleware/TransformsRequest.php(30): Illuminate\Routing\Pipeline->Illuminate\Routing\{closure}(Object(Illuminate\Http\Request))
#48 /var/www/html/laravel5.4/vendor/laravel/framework/src/Illuminate/Pipeline/Pipeline.php(148): Illuminate\Foundation\Http\Middleware\TransformsRequest->handle(Object(Illuminate\Http\Request), Object(Closure))
#49 /var/www/html/laravel5.4/vendor/laravel/framework/src/Illuminate/Routing/Pipeline.php(53): Illuminate\Pipeline\Pipeline->Illuminate\Pipeline\{closure}(Object(Illuminate\Http\Request))
#50 /var/www/html/laravel5.4/vendor/laravel/framework/src/Illuminate/Foundation/Http/Middleware/TransformsRequest.php(30): Illuminate\Routing\Pipeline->Illuminate\Routing\{closure}(Object(Illuminate\Http\Request))
#51 /var/www/html/laravel5.4/vendor/laravel/framework/src/Illuminate/Pipeline/Pipeline.php(148): Illuminate\Foundation\Http\Middleware\TransformsRequest->handle(Object(Illuminate\Http\Request), Object(Closure))
#52 /var/www/html/laravel5.4/vendor/laravel/framework/src/Illuminate/Routing/Pipeline.php(53): Illuminate\Pipeline\Pipeline->Illuminate\Pipeline\{closure}(Object(Illuminate\Http\Request))
#53 /var/www/html/laravel5.4/vendor/laravel/framework/src/Illuminate/Foundation/Http/Middleware/ValidatePostSize.php(27): Illuminate\Routing\Pipeline->Illuminate\Routing\{closure}(Object(Illuminate\Http\Request))
#54 /var/www/html/laravel5.4/vendor/laravel/framework/src/Illuminate/Pipeline/Pipeline.php(148): Illuminate\Foundation\Http\Middleware\ValidatePostSize->handle(Object(Illuminate\Http\Request), Object(Closure))
#55 /var/www/html/laravel5.4/vendor/laravel/framework/src/Illuminate/Routing/Pipeline.php(53): Illuminate\Pipeline\Pipeline->Illuminate\Pipeline\{closure}(Object(Illuminate\Http\Request))
#56 /var/www/html/laravel5.4/vendor/laravel/framework/src/Illuminate/Foundation/Http/Middleware/CheckForMaintenanceMode.php(46): Illuminate\Routing\Pipeline->Illuminate\Routing\{closure}(Object(Illuminate\Http\Request))
#57 /var/www/html/laravel5.4/vendor/laravel/framework/src/Illuminate/Pipeline/Pipeline.php(148): Illuminate\Foundation\Http\Middleware\CheckForMaintenanceMode->handle(Object(Illuminate\Http\Request), Object(Closure))
#58 /var/www/html/laravel5.4/vendor/laravel/framework/src/Illuminate/Routing/Pipeline.php(53): Illuminate\Pipeline\Pipeline->Illuminate\Pipeline\{closure}(Object(Illuminate\Http\Request))
#59 /var/www/html/laravel5.4/vendor/laravel/framework/src/Illuminate/Pipeline/Pipeline.php(102): Illuminate\Routing\Pipeline->Illuminate\Routing\{closure}(Object(Illuminate\Http\Request))
#60 /var/www/html/laravel5.4/vendor/laravel/framework/src/Illuminate/Foundation/Http/Kernel.php(151): Illuminate\Pipeline\Pipeline->then(Object(Closure))
#61 /var/www/html/laravel5.4/vendor/laravel/framework/src/Illuminate/Foundation/Http/Kernel.php(116): Illuminate\Foundation\Http\Kernel->sendRequestThroughRouter(Object(Illuminate\Http\Request))
#62 /var/www/html/laravel5.4/public/index.php(53): Illuminate\Foundation\Http\Kernel->handle(Object(Illuminate\Http\Request))
#63 {main}  
[2018-03-01 12:11:17] local.ERROR: Symfony\Component\Console\Exception\RuntimeException: Not enough arguments (missing: "name"). in /var/www/html/laravel5.4/vendor/symfony/console/Input/Input.php:76
Stack trace:
#0 /var/www/html/laravel5.4/vendor/symfony/console/Command/Command.php(247): Symfony\Component\Console\Input\Input->validate()
#1 /var/www/html/laravel5.4/vendor/laravel/framework/src/Illuminate/Console/Command.php(167): Symfony\Component\Console\Command\Command->run(Object(Symfony\Component\Console\Input\ArgvInput), Object(Illuminate\Console\OutputStyle))
#2 /var/www/html/laravel5.4/vendor/symfony/console/Application.php(946): Illuminate\Console\Command->run(Object(Symfony\Component\Console\Input\ArgvInput), Object(Symfony\Component\Console\Output\ConsoleOutput))
#3 /var/www/html/laravel5.4/vendor/symfony/console/Application.php(248): Symfony\Component\Console\Application->doRunCommand(Object(Illuminate\Database\Console\Migrations\MigrateMakeCommand), Object(Symfony\Component\Console\Input\ArgvInput), Object(Symfony\Component\Console\Output\ConsoleOutput))
#4 /var/www/html/laravel5.4/vendor/symfony/console/Application.php(148): Symfony\Component\Console\Application->doRun(Object(Symfony\Component\Console\Input\ArgvInput), Object(Symfony\Component\Console\Output\ConsoleOutput))
#5 /var/www/html/laravel5.4/vendor/laravel/framework/src/Illuminate/Foundation/Console/Kernel.php(122): Symfony\Component\Console\Application->run(Object(Symfony\Component\Console\Input\ArgvInput), Object(Symfony\Component\Console\Output\ConsoleOutput))
#6 /var/www/html/laravel5.4/artisan(35): Illuminate\Foundation\Console\Kernel->handle(Object(Symfony\Component\Console\Input\ArgvInput), Object(Symfony\Component\Console\Output\ConsoleOutput))
#7 {main}  
[2018-03-01 12:12:29] local.ERROR: PDOException: SQLSTATE[42000]: Syntax error or access violation: 1071 Specified key was too long; max key length is 767 bytes in /var/www/html/laravel5.4/vendor/laravel/framework/src/Illuminate/Database/Connection.php:449
Stack trace:
#0 /var/www/html/laravel5.4/vendor/laravel/framework/src/Illuminate/Database/Connection.php(449): PDOStatement->execute()
#1 /var/www/html/laravel5.4/vendor/laravel/framework/src/Illuminate/Database/Connection.php(640): Illuminate\Database\Connection->Illuminate\Database\{closure}('alter table `us...', Array)
#2 /var/www/html/laravel5.4/vendor/laravel/framework/src/Illuminate/Database/Connection.php(607): Illuminate\Database\Connection->runQueryCallback('alter table `us...', Array, Object(Closure))
#3 /var/www/html/laravel5.4/vendor/laravel/framework/src/Illuminate/Database/Connection.php(450): Illuminate\Database\Connection->run('alter table `us...', Array, Object(Closure))
#4 /var/www/html/laravel5.4/vendor/laravel/framework/src/Illuminate/Database/Schema/Blueprint.php(86): Illuminate\Database\Connection->statement('alter table `us...')
#5 /var/www/html/laravel5.4/vendor/laravel/framework/src/Illuminate/Database/Schema/Builder.php(239): Illuminate\Database\Schema\Blueprint->build(Object(Illuminate\Database\MySqlConnection), Object(Illuminate\Database\Schema\Grammars\MySqlGrammar))
#6 /var/www/html/laravel5.4/vendor/laravel/framework/src/Illuminate/Database/Schema/Builder.php(164): Illuminate\Database\Schema\Builder->build(Object(Illuminate\Database\Schema\Blueprint))
#7 /var/www/html/laravel5.4/vendor/laravel/framework/src/Illuminate/Support/Facades/Facade.php(221): Illuminate\Database\Schema\Builder->create('users', Object(Closure))
#8 /var/www/html/laravel5.4/database/migrations/2014_10_12_000000_create_users_table.php(23): Illuminate\Support\Facades\Facade::__callStatic('create', Array)
#9 /var/www/html/laravel5.4/vendor/laravel/framework/src/Illuminate/Database/Migrations/Migrator.php(359): CreateUsersTable->up()
#10 /var/www/html/laravel5.4/vendor/laravel/framework/src/Illuminate/Database/Migrations/Migrator.php(365): Illuminate\Database\Migrations\Migrator->Illuminate\Database\Migrations\{closure}()
#11 /var/www/html/laravel5.4/vendor/laravel/framework/src/Illuminate/Database/Migrations/Migrator.php(177): Illuminate\Database\Migrations\Migrator->runMigration(Object(CreateUsersTable), 'up')
#12 /var/www/html/laravel5.4/vendor/laravel/framework/src/Illuminate/Database/Migrations/Migrator.php(146): Illuminate\Database\Migrations\Migrator->runUp('/var/www/html/l...', 1, false)
#13 /var/www/html/laravel5.4/vendor/laravel/framework/src/Illuminate/Database/Migrations/Migrator.php(95): Illuminate\Database\Migrations\Migrator->runPending(Array, Array)
#14 /var/www/html/laravel5.4/vendor/laravel/framework/src/Illuminate/Database/Console/Migrations/MigrateCommand.php(69): Illuminate\Database\Migrations\Migrator->run(Array, Array)
#15 [internal function]: Illuminate\Database\Console\Migrations\MigrateCommand->fire()
#16 /var/www/html/laravel5.4/vendor/laravel/framework/src/Illuminate/Container/BoundMethod.php(29): call_user_func_array(Array, Array)
#17 /var/www/html/laravel5.4/vendor/laravel/framework/src/Illuminate/Container/BoundMethod.php(87): Illuminate\Container\BoundMethod::Illuminate\Container\{closure}()
#18 /var/www/html/laravel5.4/vendor/laravel/framework/src/Illuminate/Container/BoundMethod.php(31): Illuminate\Container\BoundMethod::callBoundMethod(Object(Illuminate\Foundation\Application), Array, Object(Closure))
#19 /var/www/html/laravel5.4/vendor/laravel/framework/src/Illuminate/Container/Container.php(539): Illuminate\Container\BoundMethod::call(Object(Illuminate\Foundation\Application), Array, Array, NULL)
#20 /var/www/html/laravel5.4/vendor/laravel/framework/src/Illuminate/Console/Command.php(182): Illuminate\Container\Container->call(Array)
#21 /var/www/html/laravel5.4/vendor/symfony/console/Command/Command.php(252): Illuminate\Console\Command->execute(Object(Symfony\Component\Console\Input\ArgvInput), Object(Illuminate\Console\OutputStyle))
#22 /var/www/html/laravel5.4/vendor/laravel/framework/src/Illuminate/Console/Command.php(167): Symfony\Component\Console\Command\Command->run(Object(Symfony\Component\Console\Input\ArgvInput), Object(Illuminate\Console\OutputStyle))
#23 /var/www/html/laravel5.4/vendor/symfony/console/Application.php(946): Illuminate\Console\Command->run(Object(Symfony\Component\Console\Input\ArgvInput), Object(Symfony\Component\Console\Output\ConsoleOutput))
#24 /var/www/html/laravel5.4/vendor/symfony/console/Application.php(248): Symfony\Component\Console\Application->doRunCommand(Object(Illuminate\Database\Console\Migrations\MigrateCommand), Object(Symfony\Component\Console\Input\ArgvInput), Object(Symfony\Component\Console\Output\ConsoleOutput))
#25 /var/www/html/laravel5.4/vendor/symfony/console/Application.php(148): Symfony\Component\Console\Application->doRun(Object(Symfony\Component\Console\Input\ArgvInput), Object(Symfony\Component\Console\Output\ConsoleOutput))
#26 /var/www/html/laravel5.4/vendor/laravel/framework/src/Illuminate/Foundation/Console/Kernel.php(122): Symfony\Component\Console\Application->run(Object(Symfony\Component\Console\Input\ArgvInput), Object(Symfony\Component\Console\Output\ConsoleOutput))
#27 /var/www/html/laravel5.4/artisan(35): Illuminate\Foundation\Console\Kernel->handle(Object(Symfony\Component\Console\Input\ArgvInput), Object(Symfony\Component\Console\Output\ConsoleOutput))
#28 {main}

Next Illuminate\Database\QueryException: SQLSTATE[42000]: Syntax error or access violation: 1071 Specified key was too long; max key length is 767 bytes (SQL: alter table `users` add unique `users_email_unique`(`email`)) in /var/www/html/laravel5.4/vendor/laravel/framework/src/Illuminate/Database/Connection.php:647
Stack trace:
#0 /var/www/html/laravel5.4/vendor/laravel/framework/src/Illuminate/Database/Connection.php(607): Illuminate\Database\Connection->runQueryCallback('alter table `us...', Array, Object(Closure))
#1 /var/www/html/laravel5.4/vendor/laravel/framework/src/Illuminate/Database/Connection.php(450): Illuminate\Database\Connection->run('alter table `us...', Array, Object(Closure))
#2 /var/www/html/laravel5.4/vendor/laravel/framework/src/Illuminate/Database/Schema/Blueprint.php(86): Illuminate\Database\Connection->statement('alter table `us...')
#3 /var/www/html/laravel5.4/vendor/laravel/framework/src/Illuminate/Database/Schema/Builder.php(239): Illuminate\Database\Schema\Blueprint->build(Object(Illuminate\Database\MySqlConnection), Object(Illuminate\Database\Schema\Grammars\MySqlGrammar))
#4 /var/www/html/laravel5.4/vendor/laravel/framework/src/Illuminate/Database/Schema/Builder.php(164): Illuminate\Database\Schema\Builder->build(Object(Illuminate\Database\Schema\Blueprint))
#5 /var/www/html/laravel5.4/vendor/laravel/framework/src/Illuminate/Support/Facades/Facade.php(221): Illuminate\Database\Schema\Builder->create('users', Object(Closure))
#6 /var/www/html/laravel5.4/database/migrations/2014_10_12_000000_create_users_table.php(23): Illuminate\Support\Facades\Facade::__callStatic('create', Array)
#7 /var/www/html/laravel5.4/vendor/laravel/framework/src/Illuminate/Database/Migrations/Migrator.php(359): CreateUsersTable->up()
#8 /var/www/html/laravel5.4/vendor/laravel/framework/src/Illuminate/Database/Migrations/Migrator.php(365): Illuminate\Database\Migrations\Migrator->Illuminate\Database\Migrations\{closure}()
#9 /var/www/html/laravel5.4/vendor/laravel/framework/src/Illuminate/Database/Migrations/Migrator.php(177): Illuminate\Database\Migrations\Migrator->runMigration(Object(CreateUsersTable), 'up')
#10 /var/www/html/laravel5.4/vendor/laravel/framework/src/Illuminate/Database/Migrations/Migrator.php(146): Illuminate\Database\Migrations\Migrator->runUp('/var/www/html/l...', 1, false)
#11 /var/www/html/laravel5.4/vendor/laravel/framework/src/Illuminate/Database/Migrations/Migrator.php(95): Illuminate\Database\Migrations\Migrator->runPending(Array, Array)
#12 /var/www/html/laravel5.4/vendor/laravel/framework/src/Illuminate/Database/Console/Migrations/MigrateCommand.php(69): Illuminate\Database\Migrations\Migrator->run(Array, Array)
#13 [internal function]: Illuminate\Database\Console\Migrations\MigrateCommand->fire()
#14 /var/www/html/laravel5.4/vendor/laravel/framework/src/Illuminate/Container/BoundMethod.php(29): call_user_func_array(Array, Array)
#15 /var/www/html/laravel5.4/vendor/laravel/framework/src/Illuminate/Container/BoundMethod.php(87): Illuminate\Container\BoundMethod::Illuminate\Container\{closure}()
#16 /var/www/html/laravel5.4/vendor/laravel/framework/src/Illuminate/Container/BoundMethod.php(31): Illuminate\Container\BoundMethod::callBoundMethod(Object(Illuminate\Foundation\Application), Array, Object(Closure))
#17 /var/www/html/laravel5.4/vendor/laravel/framework/src/Illuminate/Container/Container.php(539): Illuminate\Container\BoundMethod::call(Object(Illuminate\Foundation\Application), Array, Array, NULL)
#18 /var/www/html/laravel5.4/vendor/laravel/framework/src/Illuminate/Console/Command.php(182): Illuminate\Container\Container->call(Array)
#19 /var/www/html/laravel5.4/vendor/symfony/console/Command/Command.php(252): Illuminate\Console\Command->execute(Object(Symfony\Component\Console\Input\ArgvInput), Object(Illuminate\Console\OutputStyle))
#20 /var/www/html/laravel5.4/vendor/laravel/framework/src/Illuminate/Console/Command.php(167): Symfony\Component\Console\Command\Command->run(Object(Symfony\Component\Console\Input\ArgvInput), Object(Illuminate\Console\OutputStyle))
#21 /var/www/html/laravel5.4/vendor/symfony/console/Application.php(946): Illuminate\Console\Command->run(Object(Symfony\Component\Console\Input\ArgvInput), Object(Symfony\Component\Console\Output\ConsoleOutput))
#22 /var/www/html/laravel5.4/vendor/symfony/console/Application.php(248): Symfony\Component\Console\Application->doRunCommand(Object(Illuminate\Database\Console\Migrations\MigrateCommand), Object(Symfony\Component\Console\Input\ArgvInput), Object(Symfony\Component\Console\Output\ConsoleOutput))
#23 /var/www/html/laravel5.4/vendor/symfony/console/Application.php(148): Symfony\Component\Console\Application->doRun(Object(Symfony\Component\Console\Input\ArgvInput), Object(Symfony\Component\Console\Output\ConsoleOutput))
#24 /var/www/html/laravel5.4/vendor/laravel/framework/src/Illuminate/Foundation/Console/Kernel.php(122): Symfony\Component\Console\Application->run(Object(Symfony\Component\Console\Input\ArgvInput), Object(Symfony\Component\Console\Output\ConsoleOutput))
#25 /var/www/html/laravel5.4/artisan(35): Illuminate\Foundation\Console\Kernel->handle(Object(Symfony\Component\Console\Input\ArgvInput), Object(Symfony\Component\Console\Output\ConsoleOutput))
#26 {main}  
[2018-03-01 12:15:13] local.ERROR: PDOException: SQLSTATE[42000]: Syntax error or access violation: 1071 Specified key was too long; max key length is 767 bytes in /var/www/html/laravel5.4/vendor/laravel/framework/src/Illuminate/Database/Connection.php:449
Stack trace:
#0 /var/www/html/laravel5.4/vendor/laravel/framework/src/Illuminate/Database/Connection.php(449): PDOStatement->execute()
#1 /var/www/html/laravel5.4/vendor/laravel/framework/src/Illuminate/Database/Connection.php(640): Illuminate\Database\Connection->Illuminate\Database\{closure}('alter table `us...', Array)
#2 /var/www/html/laravel5.4/vendor/laravel/framework/src/Illuminate/Database/Connection.php(607): Illuminate\Database\Connection->runQueryCallback('alter table `us...', Array, Object(Closure))
#3 /var/www/html/laravel5.4/vendor/laravel/framework/src/Illuminate/Database/Connection.php(450): Illuminate\Database\Connection->run('alter table `us...', Array, Object(Closure))
#4 /var/www/html/laravel5.4/vendor/laravel/framework/src/Illuminate/Database/Schema/Blueprint.php(86): Illuminate\Database\Connection->statement('alter table `us...')
#5 /var/www/html/laravel5.4/vendor/laravel/framework/src/Illuminate/Database/Schema/Builder.php(239): Illuminate\Database\Schema\Blueprint->build(Object(Illuminate\Database\MySqlConnection), Object(Illuminate\Database\Schema\Grammars\MySqlGrammar))
#6 /var/www/html/laravel5.4/vendor/laravel/framework/src/Illuminate/Database/Schema/Builder.php(164): Illuminate\Database\Schema\Builder->build(Object(Illuminate\Database\Schema\Blueprint))
#7 /var/www/html/laravel5.4/vendor/laravel/framework/src/Illuminate/Support/Facades/Facade.php(221): Illuminate\Database\Schema\Builder->create('users', Object(Closure))
#8 /var/www/html/laravel5.4/database/migrations/2014_10_12_000000_create_users_table.php(23): Illuminate\Support\Facades\Facade::__callStatic('create', Array)
#9 /var/www/html/laravel5.4/vendor/laravel/framework/src/Illuminate/Database/Migrations/Migrator.php(359): CreateUsersTable->up()
#10 /var/www/html/laravel5.4/vendor/laravel/framework/src/Illuminate/Database/Migrations/Migrator.php(365): Illuminate\Database\Migrations\Migrator->Illuminate\Database\Migrations\{closure}()
#11 /var/www/html/laravel5.4/vendor/laravel/framework/src/Illuminate/Database/Migrations/Migrator.php(177): Illuminate\Database\Migrations\Migrator->runMigration(Object(CreateUsersTable), 'up')
#12 /var/www/html/laravel5.4/vendor/laravel/framework/src/Illuminate/Database/Migrations/Migrator.php(146): Illuminate\Database\Migrations\Migrator->runUp('/var/www/html/l...', 1, false)
#13 /var/www/html/laravel5.4/vendor/laravel/framework/src/Illuminate/Database/Migrations/Migrator.php(95): Illuminate\Database\Migrations\Migrator->runPending(Array, Array)
#14 /var/www/html/laravel5.4/vendor/laravel/framework/src/Illuminate/Database/Console/Migrations/MigrateCommand.php(69): Illuminate\Database\Migrations\Migrator->run(Array, Array)
#15 [internal function]: Illuminate\Database\Console\Migrations\MigrateCommand->fire()
#16 /var/www/html/laravel5.4/vendor/laravel/framework/src/Illuminate/Container/BoundMethod.php(29): call_user_func_array(Array, Array)
#17 /var/www/html/laravel5.4/vendor/laravel/framework/src/Illuminate/Container/BoundMethod.php(87): Illuminate\Container\BoundMethod::Illuminate\Container\{closure}()
#18 /var/www/html/laravel5.4/vendor/laravel/framework/src/Illuminate/Container/BoundMethod.php(31): Illuminate\Container\BoundMethod::callBoundMethod(Object(Illuminate\Foundation\Application), Array, Object(Closure))
#19 /var/www/html/laravel5.4/vendor/laravel/framework/src/Illuminate/Container/Container.php(539): Illuminate\Container\BoundMethod::call(Object(Illuminate\Foundation\Application), Array, Array, NULL)
#20 /var/www/html/laravel5.4/vendor/laravel/framework/src/Illuminate/Console/Command.php(182): Illuminate\Container\Container->call(Array)
#21 /var/www/html/laravel5.4/vendor/symfony/console/Command/Command.php(252): Illuminate\Console\Command->execute(Object(Symfony\Component\Console\Input\ArgvInput), Object(Illuminate\Console\OutputStyle))
#22 /var/www/html/laravel5.4/vendor/laravel/framework/src/Illuminate/Console/Command.php(167): Symfony\Component\Console\Command\Command->run(Object(Symfony\Component\Console\Input\ArgvInput), Object(Illuminate\Console\OutputStyle))
#23 /var/www/html/laravel5.4/vendor/symfony/console/Application.php(946): Illuminate\Console\Command->run(Object(Symfony\Component\Console\Input\ArgvInput), Object(Symfony\Component\Console\Output\ConsoleOutput))
#24 /var/www/html/laravel5.4/vendor/symfony/console/Application.php(248): Symfony\Component\Console\Application->doRunCommand(Object(Illuminate\Database\Console\Migrations\MigrateCommand), Object(Symfony\Component\Console\Input\ArgvInput), Object(Symfony\Component\Console\Output\ConsoleOutput))
#25 /var/www/html/laravel5.4/vendor/symfony/console/Application.php(148): Symfony\Component\Console\Application->doRun(Object(Symfony\Component\Console\Input\ArgvInput), Object(Symfony\Component\Console\Output\ConsoleOutput))
#26 /var/www/html/laravel5.4/vendor/laravel/framework/src/Illuminate/Foundation/Console/Kernel.php(122): Symfony\Component\Console\Application->run(Object(Symfony\Component\Console\Input\ArgvInput), Object(Symfony\Component\Console\Output\ConsoleOutput))
#27 /var/www/html/laravel5.4/artisan(35): Illuminate\Foundation\Console\Kernel->handle(Object(Symfony\Component\Console\Input\ArgvInput), Object(Symfony\Component\Console\Output\ConsoleOutput))
#28 {main}

Next Illuminate\Database\QueryException: SQLSTATE[42000]: Syntax error or access violation: 1071 Specified key was too long; max key length is 767 bytes (SQL: alter table `users` add unique `users_email_unique`(`email`)) in /var/www/html/laravel5.4/vendor/laravel/framework/src/Illuminate/Database/Connection.php:647
Stack trace:
#0 /var/www/html/laravel5.4/vendor/laravel/framework/src/Illuminate/Database/Connection.php(607): Illuminate\Database\Connection->runQueryCallback('alter table `us...', Array, Object(Closure))
#1 /var/www/html/laravel5.4/vendor/laravel/framework/src/Illuminate/Database/Connection.php(450): Illuminate\Database\Connection->run('alter table `us...', Array, Object(Closure))
#2 /var/www/html/laravel5.4/vendor/laravel/framework/src/Illuminate/Database/Schema/Blueprint.php(86): Illuminate\Database\Connection->statement('alter table `us...')
#3 /var/www/html/laravel5.4/vendor/laravel/framework/src/Illuminate/Database/Schema/Builder.php(239): Illuminate\Database\Schema\Blueprint->build(Object(Illuminate\Database\MySqlConnection), Object(Illuminate\Database\Schema\Grammars\MySqlGrammar))
#4 /var/www/html/laravel5.4/vendor/laravel/framework/src/Illuminate/Database/Schema/Builder.php(164): Illuminate\Database\Schema\Builder->build(Object(Illuminate\Database\Schema\Blueprint))
#5 /var/www/html/laravel5.4/vendor/laravel/framework/src/Illuminate/Support/Facades/Facade.php(221): Illuminate\Database\Schema\Builder->create('users', Object(Closure))
#6 /var/www/html/laravel5.4/database/migrations/2014_10_12_000000_create_users_table.php(23): Illuminate\Support\Facades\Facade::__callStatic('create', Array)
#7 /var/www/html/laravel5.4/vendor/laravel/framework/src/Illuminate/Database/Migrations/Migrator.php(359): CreateUsersTable->up()
#8 /var/www/html/laravel5.4/vendor/laravel/framework/src/Illuminate/Database/Migrations/Migrator.php(365): Illuminate\Database\Migrations\Migrator->Illuminate\Database\Migrations\{closure}()
#9 /var/www/html/laravel5.4/vendor/laravel/framework/src/Illuminate/Database/Migrations/Migrator.php(177): Illuminate\Database\Migrations\Migrator->runMigration(Object(CreateUsersTable), 'up')
#10 /var/www/html/laravel5.4/vendor/laravel/framework/src/Illuminate/Database/Migrations/Migrator.php(146): Illuminate\Database\Migrations\Migrator->runUp('/var/www/html/l...', 1, false)
#11 /var/www/html/laravel5.4/vendor/laravel/framework/src/Illuminate/Database/Migrations/Migrator.php(95): Illuminate\Database\Migrations\Migrator->runPending(Array, Array)
#12 /var/www/html/laravel5.4/vendor/laravel/framework/src/Illuminate/Database/Console/Migrations/MigrateCommand.php(69): Illuminate\Database\Migrations\Migrator->run(Array, Array)
#13 [internal function]: Illuminate\Database\Console\Migrations\MigrateCommand->fire()
#14 /var/www/html/laravel5.4/vendor/laravel/framework/src/Illuminate/Container/BoundMethod.php(29): call_user_func_array(Array, Array)
#15 /var/www/html/laravel5.4/vendor/laravel/framework/src/Illuminate/Container/BoundMethod.php(87): Illuminate\Container\BoundMethod::Illuminate\Container\{closure}()
#16 /var/www/html/laravel5.4/vendor/laravel/framework/src/Illuminate/Container/BoundMethod.php(31): Illuminate\Container\BoundMethod::callBoundMethod(Object(Illuminate\Foundation\Application), Array, Object(Closure))
#17 /var/www/html/laravel5.4/vendor/laravel/framework/src/Illuminate/Container/Container.php(539): Illuminate\Container\BoundMethod::call(Object(Illuminate\Foundation\Application), Array, Array, NULL)
#18 /var/www/html/laravel5.4/vendor/laravel/framework/src/Illuminate/Console/Command.php(182): Illuminate\Container\Container->call(Array)
#19 /var/www/html/laravel5.4/vendor/symfony/console/Command/Command.php(252): Illuminate\Console\Command->execute(Object(Symfony\Component\Console\Input\ArgvInput), Object(Illuminate\Console\OutputStyle))
#20 /var/www/html/laravel5.4/vendor/laravel/framework/src/Illuminate/Console/Command.php(167): Symfony\Component\Console\Command\Command->run(Object(Symfony\Component\Console\Input\ArgvInput), Object(Illuminate\Console\OutputStyle))
#21 /var/www/html/laravel5.4/vendor/symfony/console/Application.php(946): Illuminate\Console\Command->run(Object(Symfony\Component\Console\Input\ArgvInput), Object(Symfony\Component\Console\Output\ConsoleOutput))
#22 /var/www/html/laravel5.4/vendor/symfony/console/Application.php(248): Symfony\Component\Console\Application->doRunCommand(Object(Illuminate\Database\Console\Migrations\MigrateCommand), Object(Symfony\Component\Console\Input\ArgvInput), Object(Symfony\Component\Console\Output\ConsoleOutput))
#23 /var/www/html/laravel5.4/vendor/symfony/console/Application.php(148): Symfony\Component\Console\Application->doRun(Object(Symfony\Component\Console\Input\ArgvInput), Object(Symfony\Component\Console\Output\ConsoleOutput))
#24 /var/www/html/laravel5.4/vendor/laravel/framework/src/Illuminate/Foundation/Console/Kernel.php(122): Symfony\Component\Console\Application->run(Object(Symfony\Component\Console\Input\ArgvInput), Object(Symfony\Component\Console\Output\ConsoleOutput))
#25 /var/www/html/laravel5.4/artisan(35): Illuminate\Foundation\Console\Kernel->handle(Object(Symfony\Component\Console\Input\ArgvInput), Object(Symfony\Component\Console\Output\ConsoleOutput))
#26 {main}  
